<?xml version="1.0" encoding="UTF-8"?>
<!-- Generated by org.testng.reporters.JUnitXMLReporter -->
<testsuite hostname="BGL-AAGARWAL" ignored="0" name="Default test" tests="2" failures="0" timestamp="12 Aug 2019 11:46:26 GMT" time="5.892" errors="0">
  <testcase name="postDataToThingSpeak" time="3.268" classname="serializationDeserialization.thingspeak_apiWithouSerialization"/>
  <testcase name="getThingSpeakData" time="2.6" classname="serializationDeserialization.thingspeak_apiWithouSerialization"/>
</testsuite> <!-- Default test -->
