<?xml version="1.0" encoding="UTF-8"?>
<testng-results skipped="0" failed="0" ignored="0" total="2" passed="2">
  <reporter-output>
  </reporter-output>
  <suite name="Default suite" duration-ms="5892" started-at="2019-08-12T11:46:20Z" finished-at="2019-08-12T11:46:26Z">
    <groups>
    </groups>
    <test name="Default test" duration-ms="5892" started-at="2019-08-12T11:46:20Z" finished-at="2019-08-12T11:46:26Z">
      <class name="serializationDeserialization.thingspeak_apiWithouSerialization">
        <test-method status="PASS" signature="postDataToThingSpeak()[pri:1, instance:serializationDeserialization.thingspeak_apiWithouSerialization@523884b2]" name="postDataToThingSpeak" duration-ms="3268" started-at="2019-08-12T11:46:20Z" finished-at="2019-08-12T11:46:23Z">
          <reporter-output>
          </reporter-output>
        </test-method> <!-- postDataToThingSpeak -->
        <test-method status="PASS" signature="getThingSpeakData()[pri:2, instance:serializationDeserialization.thingspeak_apiWithouSerialization@523884b2]" name="getThingSpeakData" duration-ms="2600" started-at="2019-08-12T11:46:23Z" finished-at="2019-08-12T11:46:26Z">
          <reporter-output>
          </reporter-output>
        </test-method> <!-- getThingSpeakData -->
      </class> <!-- serializationDeserialization.thingspeak_apiWithouSerialization -->
    </test> <!-- Default test -->
  </suite> <!-- Default suite -->
</testng-results>
